\BOOKMARK [0][-]{chapter.1}{\376\377\000S\000z\000a\000v\000a\000k\000\040\000\351\000s\000\040\000n\000y\000e\000l\000v\000e\000k}{}% 1
\BOOKMARK [1][-]{section.1.1}{\376\377\000A\000l\000a\000p\000v\000e\000t\001\121\000\040\000f\000o\000g\000a\000l\000m\000a\000k}{chapter.1}% 2
\BOOKMARK [1][-]{section.1.2}{\376\377\000M\001\161\000v\000e\000l\000e\000t\000e\000k}{chapter.1}% 3
\BOOKMARK [2][-]{subsection.1.2.1}{\376\377\000M\001\161\000v\000e\000l\000e\000t\000e\000k\000\040\000s\000z\000a\000v\000a\000k\000\040\000f\000e\000l\000e\000t\000t}{section.1.2}% 4
\BOOKMARK [2][-]{subsection.1.2.2}{\376\377\000M\001\161\000v\000e\000l\000e\000t\000e\000k\000\040\000n\000y\000e\000l\000v\000e\000k\000\040\000f\000e\000l\000e\000t\000t}{section.1.2}% 5
\BOOKMARK [0][-]{chapter.2}{\376\377\000N\000y\000e\000l\000v\000t\000a\000n\000o\000k\000\040\000\351\000s\000\040\000o\000s\000z\000t\000\341\000l\000y\000o\000z\000\341\000s\000u\000k}{}% 6
\BOOKMARK [1][-]{section.2.1}{\376\377\000N\000y\000e\000l\000v\000e\000k\000\040\000d\000e\000f\000i\000n\000i\000\341\000l\000\341\000s\000i\000\040\000m\000\363\000d\000j\000a\000i}{chapter.2}% 7
\BOOKMARK [1][-]{section.2.2}{\376\377\000N\000y\000e\000l\000v\000t\000a\000n\000o\000k}{chapter.2}% 8
\BOOKMARK [1][-]{section.2.3}{\376\377\000A\000\040\000C\000h\000o\000m\000s\000k\000y\000-\000f\000\351\000l\000e\000\040\000g\000r\000a\000m\000m\000a\000t\000i\000k\000a\000t\000\355\000p\000u\000s\000o\000k}{chapter.2}% 9
\BOOKMARK [1][-]{section.2.4}{\376\377\000N\000y\000e\000l\000v\000t\000a\000n\000i\000\040\000t\000r\000a\000n\000s\000z\000f\000o\000r\000m\000\341\000c\000i\000\363\000k}{chapter.2}% 10
\BOOKMARK [2][-]{subsection.2.4.1}{\376\377\000E\000p\000s\000z\000i\000l\000o\000n\000-\000m\000e\000n\000t\000e\000s\000\355\000t\000\351\000s\000\040\000\050\000-\000m\000e\000n\000t\000e\000s\000\355\000t\000\351\000s\000\051}{section.2.4}% 11
\BOOKMARK [2][-]{subsection.2.4.2}{\376\377\000N\000y\000e\000l\000v\000e\000k\000\040\000n\000o\000r\000m\000\341\000l\000f\000o\000r\000m\000\341\000j\000a}{section.2.4}% 12
\BOOKMARK [1][-]{section.2.5}{\376\377\000A\000u\000t\000o\000m\000a\000t\000\341\000k}{chapter.2}% 13
\BOOKMARK [1][-]{section.2.6}{\376\377\000Z\000\341\000r\000t\000s\000\341\000g\000i\000\040\000t\000\351\000t\000e\000l\000e\000k}{chapter.2}% 14
\BOOKMARK [0][-]{chapter.3}{\376\377\000R\000e\000g\000u\000l\000\341\000r\000i\000s\000\040\000\050\0003\000-\000a\000s\000\040\000t\000\355\000p\000u\000s\000\372\000\051\000\040\000n\000y\000e\000l\000v\000t\000a\000n\000o\000k}{}% 15
\BOOKMARK [1][-]{section.3.1}{\376\377\000R\000e\000g\000u\000l\000\341\000r\000i\000s\000\040\000n\000y\000e\000l\000v\000e\000k}{chapter.3}% 16
\BOOKMARK [1][-]{section.3.2}{\376\377\0003\000-\000a\000s\000\040\000t\000\355\000p\000u\000s\000\372\000\040\000n\000y\000e\000l\000v\000t\000a\000n\000o\000k\000\040\000n\000o\000r\000m\000\341\000l\000f\000o\000r\000m\000\341\000j\000a}{chapter.3}% 17
\BOOKMARK [1][-]{section.3.3}{\376\377\000V\000\351\000g\000e\000s\000\040\000a\000u\000t\000o\000m\000a\000t\000\341\000k}{chapter.3}% 18
\BOOKMARK [2][-]{subsection.3.3.1}{\376\377\0003\000-\000a\000s\000\040\000t\000\355\000p\000u\000s\000\372\000\040\000n\000y\000e\000l\000v\000e\000k\000\040\000k\000a\000p\000c\000s\000o\000l\000a\000t\000a\000\040\000a\000\040\000v\000\351\000g\000e\000s\000\040\000a\000u\000t\000o\000m\000a\000t\000\341\000k\000k\000a\000l}{section.3.3}% 19
\BOOKMARK [2][-]{subsection.3.3.2}{\376\377\000M\000i\000n\000i\000m\000\341\000l\000i\000s\000\040\000v\000\351\000g\000e\000s\000\040\000d\000e\000t\000e\000r\000m\000i\000n\000i\000s\000z\000t\000i\000k\000u\000s\000\040\000a\000u\000t\000o\000m\000a\000t\000a}{section.3.3}% 20
\BOOKMARK [0][-]{chapter.4}{\376\377\000A\000\040\0002\000-\000e\000s\000\040\000\351\000s\000\040\0003\000-\000a\000s\000\040\000n\000y\000e\000l\000v\000c\000s\000a\000l\000\341\000d\000\040\000v\000i\000s\000z\000o\000n\000y\000a}{}% 21
\BOOKMARK [1][-]{section.4.1}{\376\377\000S\000z\000\374\000k\000s\000\351\000g\000e\000s\000\040\000f\000e\000l\000t\000\351\000t\000e\000l\000\040\0003\000-\000a\000s\000\040\000t\000\355\000p\000u\000s\000\372\000\040\000n\000y\000e\000l\000v\000e\000k\000r\000e}{chapter.4}% 22
\BOOKMARK [1][-]{section.4.2}{\376\377\000S\000z\000\374\000k\000s\000\351\000g\000e\000s\000\040\000\351\000s\000\040\000e\000l\000\351\000g\000s\000\351\000g\000e\000s\000\040\000f\000e\000l\000t\000\351\000t\000e\000l\000\040\0003\000-\000a\000s\000\040\000t\000\355\000p\000u\000s\000\372\000\040\000n\000y\000e\000l\000v\000e\000k\000r\000e}{chapter.4}% 23
\BOOKMARK [0][-]{chapter.5}{\376\377\000K\000\366\000r\000n\000y\000e\000z\000e\000t\000f\000\374\000g\000g\000e\000t\000l\000e\000n\000\040\000\050\0002\000-\000e\000s\000\040\000t\000\355\000p\000u\000s\000\372\000\051\000\040\000n\000y\000e\000l\000v\000t\000a\000n\000o\000k}{}% 24
\BOOKMARK [1][-]{section.5.1}{\376\377\000A\000\040\000s\000z\000\363\000p\000r\000o\000b\000l\000\351\000m\000a\000\040\000k\000\351\000r\000d\000\351\000s\000e}{chapter.5}% 25
\BOOKMARK [1][-]{section.5.2}{\376\377\0002\000-\000e\000s\000\040\000t\000\355\000p\000u\000s\000\372\000\040\000n\000y\000e\000l\000v\000t\000a\000n\000o\000k\000\040\000n\000o\000r\000m\000\341\000l\000f\000o\000r\000m\000\341\000j\000a}{chapter.5}% 26
\BOOKMARK [1][-]{section.5.3}{\376\377\000N\000y\000e\000l\000v\000t\000a\000n\000\040\000r\000e\000d\000u\000k\000\341\000l\000\341\000s\000a}{chapter.5}% 27
\BOOKMARK [1][-]{section.5.4}{\376\377\000V\000e\000r\000e\000m\000a\000u\000t\000o\000m\000a\000t\000\341\000k}{chapter.5}% 28
\BOOKMARK [0][-]{chapter.6}{\376\377\000F\000o\000r\000d\000\355\000t\000\363\000p\000r\000o\000g\000r\000a\000m\000o\000k}{}% 29
\BOOKMARK [1][-]{section.6.1}{\376\377\000F\000a\000j\000t\000\341\000i}{chapter.6}% 30
\BOOKMARK [2][-]{subsection.6.1.1}{\376\377\000F\000o\000r\000d\000\355\000t\000o\000t\000t\000\040\000p\000r\000o\000g\000r\000a\000m\000o\000z\000\341\000s\000i\000\040\000n\000y\000e\000l\000v\000e\000k}{section.6.1}% 31
\BOOKMARK [2][-]{subsection.6.1.2}{\376\377\000\311\000r\000t\000e\000l\000m\000e\000z\000e\000t\000t\000\040\000p\000r\000o\000g\000r\000a\000m\000o\000z\000\341\000s\000i\000\040\000n\000y\000e\000l\000v\000e\000k}{section.6.1}% 32
\BOOKMARK [2][-]{subsection.6.1.3}{\376\377\000F\000o\000r\000d\000\355\000t\000\341\000s\000\040\000v\000\351\000g\000r\000e\000h\000a\000j\000t\000\341\000s\000\040\000k\000\366\000z\000b\000e\000n}{section.6.1}% 33
\BOOKMARK [1][-]{section.6.2}{\376\377\000F\000e\000j\000l\001\121\000d\000\351\000s\000e}{chapter.6}% 34
\BOOKMARK [1][-]{section.6.3}{\376\377\000L\000o\000g\000i\000k\000a\000i\000\040\000f\000e\000l\000\351\000p\000\355\000t\000\351\000s\000e}{chapter.6}% 35
\BOOKMARK [2][-]{subsection.6.3.1}{\376\377\000A\000n\000a\000l\000\355\000z\000i\000s}{section.6.3}% 36
\BOOKMARK [2][-]{subsection.6.3.2}{\376\377\000S\000z\000i\000n\000t\000\351\000z\000i\000s}{section.6.3}% 37
\BOOKMARK [1][-]{section.6.4}{\376\377\000S\000z\000e\000r\000k\000e\000s\000z\000t\000\351\000s\000\040\000\351\000s\000\040\000v\000\351\000g\000r\000e\000h\000a\000j\000t\000\341\000s}{chapter.6}% 38
\BOOKMARK [0][-]{chapter.7}{\376\377\000L\000e\000x\000i\000k\000\341\000l\000i\000s\000\040\000e\000l\000e\000m\000z\000\351\000s}{}% 39
\BOOKMARK [1][-]{section.7.1}{\376\377\000A\000\040\000t\000o\000k\000e\000n\000i\000z\000\341\000c\000i\000\363}{chapter.7}% 40
\BOOKMARK [1][-]{section.7.2}{\376\377\000A\000\040\000l\000e\000x\000i\000k\000\341\000l\000i\000s\000\040\000e\000l\000e\000m\000z\000\351\000s\000\040\000e\000l\000v\000e\000i}{chapter.7}% 41
\BOOKMARK [1][-]{section.7.3}{\376\377\000I\000m\000p\000l\000e\000m\000e\000n\000t\000\341\000c\000i\000\363\000j\000a}{chapter.7}% 42
\BOOKMARK [1][-]{section.7.4}{\376\377\000T\000o\000k\000e\000n\000h\000e\000z\000\040\000c\000s\000a\000t\000o\000l\000t\000\040\000i\000n\000f\000o\000r\000m\000\341\000c\000i\000\363\000k}{chapter.7}% 43
\BOOKMARK [1][-]{section.7.5}{\376\377\000L\000e\000x\000i\000k\000\341\000l\000i\000s\000\040\000h\000i\000b\000\341\000k}{chapter.7}% 44
\BOOKMARK [0][-]{chapter.8}{\376\377\000S\000z\000i\000n\000t\000a\000k\000t\000i\000k\000u\000s\000\040\000e\000l\000e\000m\000z\000\351\000s}{}% 45
\BOOKMARK [1][-]{section.8.1}{\376\377\000G\000r\000a\000m\000m\000a\000t\000i\000k\000a\000i\000\040\000e\000l\001\121\000f\000e\000l\000t\000\351\000t\000e\000l\000e\000k}{chapter.8}% 46
\BOOKMARK [1][-]{section.8.2}{\376\377\000F\000e\000l\000\374\000l\000r\001\121\000l\000\040\000l\000e\000f\000e\000l\000e\000\040\000e\000l\000e\000m\000z\000\351\000s}{chapter.8}% 47
\BOOKMARK [1][-]{section.8.3}{\376\377\000A\000l\000u\000l\000r\000\363\000l\000\040\000f\000e\000l\000f\000e\000l\000e\000\040\000e\000l\000e\000m\000z\000\351\000s}{chapter.8}% 48
\BOOKMARK [0][-]{chapter.9}{\376\377\000S\000z\000e\000m\000a\000n\000t\000i\000k\000u\000s\000\040\000e\000l\000e\000m\000z\000\351\000s}{}% 49
\BOOKMARK [1][-]{section.9.1}{\376\377\000S\000z\000i\000m\000b\000\363\000l\000u\000m\000t\000\341\000b\000l\000a}{chapter.9}% 50
\BOOKMARK [1][-]{section.9.2}{\376\377\000A\000t\000t\000r\000i\000b\000\372\000t\000u\000m\000n\000y\000e\000l\000v\000t\000a\000n}{chapter.9}% 51
\BOOKMARK [0][-]{chapter.10}{\376\377\000A\000z\000\040\000A\000s\000s\000e\000m\000b\000l\000y\000\040\000a\000l\000a\000p\000j\000a\000i}{}% 52
\BOOKMARK [1][-]{section.10.1}{\376\377\000A\000d\000a\000t\000t\000\341\000r\000o\000l\000\341\000s}{chapter.10}% 53
\BOOKMARK [2][-]{subsection.10.1.1}{\376\377\000R\000e\000g\000i\000s\000z\000t\000e\000r\000e\000k}{section.10.1}% 54
\BOOKMARK [2][-]{subsection.10.1.2}{\376\377\000C\000\355\000m\000k\000\351\000k}{section.10.1}% 55
\BOOKMARK [1][-]{section.10.2}{\376\377\000U\000t\000a\000s\000\355\000t\000\341\000s\000o\000k\000,\000\040\000m\001\161\000v\000e\000l\000e\000t\000e\000k}{chapter.10}% 56
\BOOKMARK [2][-]{subsection.10.2.1}{\376\377\000A\000d\000a\000t\000m\000o\000z\000g\000a\000t\000\363\000\040\000u\000t\000a\000s\000\355\000t\000\341\000s\000o\000k}{section.10.2}% 57
\BOOKMARK [2][-]{subsection.10.2.2}{\376\377\000A\000r\000i\000t\000m\000e\000t\000i\000k\000a\000i\000\040\000u\000t\000a\000s\000\355\000t\000\341\000s\000o\000k}{section.10.2}% 58
\BOOKMARK [2][-]{subsection.10.2.3}{\376\377\000B\000i\000t\000m\001\161\000v\000e\000l\000e\000t\000e\000k}{section.10.2}% 59
\BOOKMARK [2][-]{subsection.10.2.4}{\376\377\000U\000g\000r\000\363\000u\000t\000a\000s\000\355\000t\000\341\000s\000o\000k}{section.10.2}% 60
\BOOKMARK [2][-]{subsection.10.2.5}{\376\377\000V\000e\000r\000e\000m\000m\001\161\000v\000e\000l\000e\000t\000e\000k}{section.10.2}% 61
\BOOKMARK [1][-]{section.10.3}{\376\377\000F\000o\000r\000d\000\355\000t\000\341\000s}{chapter.10}% 62
\BOOKMARK [0][-]{chapter.11}{\376\377\000K\000\363\000d\000g\000e\000n\000e\000r\000\341\000l\000\341\000s}{}% 63
\BOOKMARK [1][-]{section.11.1}{\376\377\000K\000\363\000d\000g\000e\000n\000e\000r\000\341\000l\000\341\000s\000\040\000a\000t\000t\000r\000i\000b\000\372\000t\000u\000m\000n\000y\000e\000l\000v\000t\000a\000n\000n\000a\000l}{chapter.11}% 64
\BOOKMARK [1][-]{section.11.2}{\376\377\000K\000\363\000d\000g\000e\000n\000e\000r\000\341\000l\000\341\000s\000i\000\040\000s\000\351\000m\000\341\000k}{chapter.11}% 65
